<?xml version="1.0" encoding="UTF-8"?>
<!-- Generated by org.testng.reporters.JUnitXMLReporter -->
<testsuite hostname="DENNIS" ignored="0" name="Default test" tests="3" failures="0" timestamp="16 Jun 2019 08:22:22 GMT" time="35.922" errors="0">
  <testcase name="alerts" time="1.384" classname="qa.myproject.com.MyTests"/>
  <testcase name="loginInvalid" time="1.414" classname="qa.myproject.com.MyTests"/>
  <testcase name="loginValid" time="1.309" classname="qa.myproject.com.MyTests"/>
</testsuite> <!-- Default test -->
